<?xml version="1.0" encoding="UTF-8"?>
<!-- Generated by org.testng.reporters.JUnitReportReporter -->
<testsuite skipped="0" hostname="DESKTOP-7M3JFMD" name="com.crypto.task2.cases.Forcast4NineTest" tests="1" failures="0" timestamp="21 二月 2022 15:23:39 GMT" time="0.833" errors="0">
  <testcase name="test1" time="0.833" classname="com.crypto.task2.cases.Forcast4NineTest"/>
</testsuite> <!-- com.crypto.task2.cases.Forcast4NineTest -->
