<?xml version="1.0" encoding="UTF-8"?>
<!-- Generated by org.testng.reporters.JUnitReportReporter -->
<testsuite skipped="0" hostname="DESKTOP-7M3JFMD" name="com.crypto.task2.cases.Forcast4NineTest" tests="10" failures="0" timestamp="09 一月 2022 07:55:24 GMT" time="32.169" errors="0">
  <testcase name="testAccess200" time="1.516" classname="com.crypto.task2.cases.Forcast4NineTest"/>
  <testcase name="testWentByDay" time="0.323" classname="com.crypto.task2.cases.Forcast4NineTest"/>
  <testcase name="testWentByDay" time="0.903" classname="com.crypto.task2.cases.Forcast4NineTest"/>
  <testcase name="testAccess200" time="2.950" classname="com.crypto.task2.cases.Forcast4NineTest"/>
  <testcase name="testWentByDay" time="2.328" classname="com.crypto.task2.cases.Forcast4NineTest"/>
  <testcase name="testWentByDay" time="1.086" classname="com.crypto.task2.cases.Forcast4NineTest"/>
  <testcase name="testWentByDay" time="0.593" classname="com.crypto.task2.cases.Forcast4NineTest"/>
  <testcase name="testAccess200" time="21.390" classname="com.crypto.task2.cases.Forcast4NineTest"/>
  <testcase name="testWentByDay" time="1.077" classname="com.crypto.task2.cases.Forcast4NineTest"/>
  <testcase name="forcast4NineUrl" time="0.003" classname="com.crypto.task2.cases.Forcast4NineTest"/>
</testsuite> <!-- com.crypto.task2.cases.Forcast4NineTest -->
