<?xml version="1.0" encoding="UTF-8"?>
<!-- Generated by org.testng.reporters.JUnitReportReporter -->
<testsuite skipped="0" hostname="DESKTOP-7M3JFMD" name="com.crypto.task1.cases.FirstSubTradeTest" tests="4" failures="0" timestamp="09 一月 2022 07:50:58 GMT" time="43.797" errors="0">
  <testcase name="getCro" time="0.232" classname="com.crypto.task1.cases.FirstSubTradeTest"/>
  <testcase name="accessIndex" time="4.217" classname="com.crypto.task1.cases.FirstSubTradeTest"/>
  <testcase name="setCookie" time="38.384" classname="com.crypto.task1.cases.FirstSubTradeTest"/>
  <testcase name="getFirstSubTrade" time="0.964" classname="com.crypto.task1.cases.FirstSubTradeTest"/>
</testsuite> <!-- com.crypto.task1.cases.FirstSubTradeTest -->
