<?xml version="1.0" encoding="UTF-8"?>
<!-- Generated by org.testng.reporters.JUnitReportReporter -->
<testsuite skipped="0" hostname="DESKTOP-7M3JFMD" name="com.crypto.task1.FirstSubTradeTest" tests="4" failures="0" timestamp="08 一月 2022 10:12:19 GMT" time="22.771" errors="0">
  <testcase name="getCro" time="0.806" classname="com.crypto.task1.FirstSubTradeTest"/>
  <testcase name="setCookie" time="17.059" classname="com.crypto.task1.FirstSubTradeTest"/>
  <testcase name="getFirstSubTrade" time="0.674" classname="com.crypto.task1.FirstSubTradeTest"/>
  <testcase name="accessIndex" time="4.232" classname="com.crypto.task1.FirstSubTradeTest"/>
</testsuite> <!-- com.crypto.task1.FirstSubTradeTest -->
