<?xml version="1.0" encoding="UTF-8"?>
<!-- Generated by org.testng.reporters.JUnitReportReporter -->
<testsuite skipped="0" hostname="DESKTOP-7M3JFMD" name="com.crypto.task1.LastSubTradeTest" tests="4" failures="0" timestamp="08 一月 2022 10:12:42 GMT" time="27.277" errors="0">
  <testcase name="getLastSubTrade" time="3.016" classname="com.crypto.task1.LastSubTradeTest"/>
  <testcase name="getCro" time="0.480" classname="com.crypto.task1.LastSubTradeTest"/>
  <testcase name="accessIndex" time="4.389" classname="com.crypto.task1.LastSubTradeTest"/>
  <testcase name="setCookie" time="19.392" classname="com.crypto.task1.LastSubTradeTest"/>
</testsuite> <!-- com.crypto.task1.LastSubTradeTest -->
